sty 22, 2021 5:49:39 PM pl.userinterface.graphicuserinterface.App main
INFO: App start
sty 22, 2021 5:49:39 PM pl.userinterface.graphicuserinterface.PrimaryController initialize
INFO: Initialize menu site
sty 22, 2021 5:49:41 PM pl.userinterface.graphicuserinterface.PrimaryController buttonStart
INFO: Start game on level: EASY
sty 22, 2021 5:49:41 PM pl.userinterface.graphicuserinterface.SecondaryController initialize
INFO: Initialize game site
sty 22, 2021 5:49:41 PM pl.first.firstjava.SudokuBoard <init>
INFO: Create new clear board
sty 22, 2021 5:49:41 PM pl.userinterface.graphicuserinterface.SecondaryController initialize
INFO: Created new board
sty 22, 2021 5:49:51 PM pl.userinterface.graphicuserinterface.SecondaryController button_save
INFO: Save sudoku board from file
sty 22, 2021 5:50:04 PM pl.userinterface.graphicuserinterface.SecondaryController button_load
INFO: Load sudoku board from file
sty 22, 2021 5:50:08 PM pl.userinterface.graphicuserinterface.SecondaryController switchToPrimary
INFO: Exit from board
sty 22, 2021 5:50:08 PM pl.userinterface.graphicuserinterface.PrimaryController initialize
INFO: Initialize menu site
sty 22, 2021 5:50:11 PM pl.userinterface.graphicuserinterface.PrimaryController buttonExit
INFO: App close
sty 22, 2021 5:51:32 PM pl.userinterface.graphicuserinterface.App main
INFO: App start
sty 22, 2021 5:51:32 PM pl.userinterface.graphicuserinterface.PrimaryController initialize
INFO: Initialize menu site
sty 22, 2021 5:51:34 PM pl.userinterface.graphicuserinterface.PrimaryController buttonStart
INFO: Start game on level: EASY
sty 22, 2021 5:51:34 PM pl.userinterface.graphicuserinterface.SecondaryController initialize
INFO: Initialize game site
sty 22, 2021 5:51:34 PM pl.first.firstjava.SudokuBoard <init>
INFO: Create new clear board
sty 22, 2021 5:51:34 PM pl.userinterface.graphicuserinterface.SecondaryController initialize
INFO: Created new board
sty 22, 2021 5:51:35 PM pl.userinterface.graphicuserinterface.SecondaryController switchToPrimary
INFO: Exit from board
sty 22, 2021 5:51:35 PM pl.userinterface.graphicuserinterface.PrimaryController initialize
INFO: Initialize menu site
sty 22, 2021 5:51:36 PM pl.userinterface.graphicuserinterface.PrimaryController buttonExit
INFO: App close
sty 24, 2021 6:42:49 PM pl.userinterface.graphicuserinterface.App main
INFO: App start
sty 24, 2021 6:42:49 PM pl.userinterface.graphicuserinterface.PrimaryController initialize
INFO: Initialize menu site
sty 24, 2021 6:42:51 PM pl.userinterface.graphicuserinterface.PrimaryController buttonExit
INFO: App close
sty 24, 2021 8:56:16 PM pl.userinterface.graphicuserinterface.App main
INFO: App start
sty 24, 2021 8:56:16 PM pl.userinterface.graphicuserinterface.PrimaryController initialize
INFO: Initialize menu site
sty 24, 2021 8:56:18 PM pl.userinterface.graphicuserinterface.PrimaryController buttonStart
INFO: Start game on level: EASY
sty 24, 2021 8:56:25 PM pl.userinterface.graphicuserinterface.PrimaryController buttonExit
INFO: App close
sty 24, 2021 8:57:11 PM pl.userinterface.graphicuserinterface.App main
INFO: App start
sty 24, 2021 8:57:11 PM pl.userinterface.graphicuserinterface.PrimaryController initialize
INFO: Initialize menu site
sty 24, 2021 8:57:12 PM pl.userinterface.graphicuserinterface.PrimaryController buttonStart
INFO: Start game on level: EASY
sty 24, 2021 8:57:12 PM pl.userinterface.graphicuserinterface.SecondaryController initialize
INFO: Initialize game site
sty 24, 2021 8:57:12 PM pl.first.firstjava.SudokuBoard <init>
INFO: Create new clear board
sty 24, 2021 8:57:12 PM pl.userinterface.graphicuserinterface.SecondaryController initialize
INFO: Created new board
sty 24, 2021 8:57:23 PM pl.userinterface.graphicuserinterface.SecondaryController switchToPrimary
INFO: Exit from board
sty 24, 2021 8:57:23 PM pl.userinterface.graphicuserinterface.PrimaryController initialize
INFO: Initialize menu site
sty 24, 2021 8:57:24 PM pl.userinterface.graphicuserinterface.PrimaryController buttonExit
INFO: App close
sty 24, 2021 8:58:51 PM pl.userinterface.graphicuserinterface.App main
INFO: App start
sty 24, 2021 8:58:51 PM pl.userinterface.graphicuserinterface.PrimaryController initialize
INFO: Initialize menu site
sty 24, 2021 8:58:53 PM pl.userinterface.graphicuserinterface.PrimaryController buttonStart
INFO: Start game on level: EASY
sty 24, 2021 8:58:53 PM pl.userinterface.graphicuserinterface.SecondaryController initialize
INFO: Initialize game site
sty 24, 2021 8:58:53 PM pl.first.firstjava.SudokuBoard <init>
INFO: Create new clear board
sty 24, 2021 8:58:53 PM pl.userinterface.graphicuserinterface.SecondaryController initialize
INFO: Created new board
sty 24, 2021 8:59:01 PM pl.userinterface.graphicuserinterface.SecondaryController switchToPrimary
INFO: Exit from board
sty 24, 2021 8:59:01 PM pl.userinterface.graphicuserinterface.PrimaryController initialize
INFO: Initialize menu site
sty 24, 2021 8:59:02 PM pl.userinterface.graphicuserinterface.PrimaryController buttonExit
INFO: App close
sty 24, 2021 9:00:14 PM pl.userinterface.graphicuserinterface.App main
INFO: App start
sty 24, 2021 9:00:15 PM pl.userinterface.graphicuserinterface.PrimaryController initialize
INFO: Initialize menu site
sty 24, 2021 9:00:16 PM pl.userinterface.graphicuserinterface.PrimaryController buttonStart
INFO: Start game on level: EASY
sty 24, 2021 9:00:16 PM pl.userinterface.graphicuserinterface.SecondaryController initialize
INFO: Initialize game site
sty 24, 2021 9:00:16 PM pl.first.firstjava.SudokuBoard <init>
INFO: Create new clear board
sty 24, 2021 9:00:16 PM pl.userinterface.graphicuserinterface.SecondaryController initialize
INFO: Created new board
sty 24, 2021 9:00:28 PM pl.userinterface.graphicuserinterface.SecondaryController switchToPrimary
INFO: Exit from board
sty 24, 2021 9:00:28 PM pl.userinterface.graphicuserinterface.PrimaryController initialize
INFO: Initialize menu site
sty 24, 2021 9:00:29 PM pl.userinterface.graphicuserinterface.PrimaryController buttonExit
INFO: App close
sty 24, 2021 9:00:56 PM pl.userinterface.graphicuserinterface.App main
INFO: App start
sty 24, 2021 9:00:56 PM pl.userinterface.graphicuserinterface.PrimaryController initialize
INFO: Initialize menu site
sty 24, 2021 9:00:58 PM pl.userinterface.graphicuserinterface.PrimaryController buttonStart
INFO: Start game on level: EASY
sty 24, 2021 9:00:58 PM pl.userinterface.graphicuserinterface.SecondaryController initialize
INFO: Initialize game site
sty 24, 2021 9:00:58 PM pl.first.firstjava.SudokuBoard <init>
INFO: Create new clear board
sty 24, 2021 9:00:58 PM pl.userinterface.graphicuserinterface.SecondaryController initialize
INFO: Created new board
sty 24, 2021 9:01:00 PM pl.userinterface.graphicuserinterface.SecondaryController switchToPrimary
INFO: Exit from board
sty 24, 2021 9:01:00 PM pl.userinterface.graphicuserinterface.PrimaryController initialize
INFO: Initialize menu site
sty 24, 2021 9:01:01 PM pl.userinterface.graphicuserinterface.PrimaryController setLang
INFO: Change language to : en-US
sty 24, 2021 9:01:01 PM pl.userinterface.graphicuserinterface.PrimaryController initialize
INFO: Initialize menu site
sty 24, 2021 9:01:02 PM pl.userinterface.graphicuserinterface.PrimaryController buttonStart
INFO: Start game on level: EASY
sty 24, 2021 9:01:02 PM pl.userinterface.graphicuserinterface.SecondaryController initialize
INFO: Initialize game site
sty 24, 2021 9:01:02 PM pl.first.firstjava.SudokuBoard <init>
INFO: Create new clear board
sty 24, 2021 9:01:02 PM pl.userinterface.graphicuserinterface.SecondaryController initialize
INFO: Created new board
sty 24, 2021 9:01:10 PM pl.userinterface.graphicuserinterface.SecondaryController switchToPrimary
INFO: Exit from board
sty 24, 2021 9:01:10 PM pl.userinterface.graphicuserinterface.PrimaryController initialize
INFO: Initialize menu site
sty 24, 2021 9:01:11 PM pl.userinterface.graphicuserinterface.PrimaryController buttonExit
INFO: App close
sty 24, 2021 9:02:03 PM pl.userinterface.graphicuserinterface.App main
INFO: App start
sty 24, 2021 9:02:03 PM pl.userinterface.graphicuserinterface.PrimaryController initialize
INFO: Initialize menu site
sty 24, 2021 9:02:05 PM pl.userinterface.graphicuserinterface.PrimaryController buttonStart
INFO: Start game on level: EASY
sty 24, 2021 9:02:05 PM pl.userinterface.graphicuserinterface.SecondaryController initialize
INFO: Initialize game site
sty 24, 2021 9:02:05 PM pl.first.firstjava.SudokuBoard <init>
INFO: Create new clear board
sty 24, 2021 9:02:05 PM pl.userinterface.graphicuserinterface.SecondaryController initialize
INFO: Created new board
sty 24, 2021 9:02:20 PM pl.userinterface.graphicuserinterface.SecondaryController switchToPrimary
INFO: Exit from board
sty 24, 2021 9:02:20 PM pl.userinterface.graphicuserinterface.PrimaryController initialize
INFO: Initialize menu site
sty 24, 2021 9:02:20 PM pl.userinterface.graphicuserinterface.PrimaryController buttonExit
INFO: App close
sty 24, 2021 9:13:30 PM pl.userinterface.graphicuserinterface.App main
INFO: App start
sty 24, 2021 9:13:30 PM pl.userinterface.graphicuserinterface.PrimaryController initialize
INFO: Initialize menu site
sty 24, 2021 9:13:32 PM pl.userinterface.graphicuserinterface.PrimaryController buttonStart
INFO: Start game on level: EASY
sty 24, 2021 9:13:32 PM pl.userinterface.graphicuserinterface.SecondaryController initialize
INFO: Initialize game site
sty 24, 2021 9:13:32 PM pl.first.firstjava.SudokuBoard <init>
INFO: Create new clear board
sty 24, 2021 9:13:32 PM pl.userinterface.graphicuserinterface.SecondaryController initialize
INFO: Created new board
sty 24, 2021 9:13:41 PM pl.userinterface.graphicuserinterface.SecondaryController switchToPrimary
INFO: Exit from board
sty 24, 2021 9:13:41 PM pl.userinterface.graphicuserinterface.PrimaryController initialize
INFO: Initialize menu site
sty 24, 2021 9:13:42 PM pl.userinterface.graphicuserinterface.PrimaryController buttonExit
INFO: App close
sty 24, 2021 9:15:05 PM pl.userinterface.graphicuserinterface.App main
INFO: App start
sty 24, 2021 9:15:05 PM pl.userinterface.graphicuserinterface.PrimaryController initialize
INFO: Initialize menu site
sty 24, 2021 9:15:07 PM pl.userinterface.graphicuserinterface.PrimaryController buttonStart
INFO: Start game on level: EASY
sty 24, 2021 9:15:07 PM pl.userinterface.graphicuserinterface.SecondaryController initialize
INFO: Initialize game site
sty 24, 2021 9:15:07 PM pl.first.firstjava.SudokuBoard <init>
INFO: Create new clear board
sty 24, 2021 9:15:07 PM pl.userinterface.graphicuserinterface.SecondaryController initialize
INFO: Created new board
sty 24, 2021 9:15:15 PM pl.userinterface.graphicuserinterface.SecondaryController switchToPrimary
INFO: Exit from board
sty 24, 2021 9:15:15 PM pl.userinterface.graphicuserinterface.PrimaryController initialize
INFO: Initialize menu site
sty 24, 2021 9:15:20 PM pl.userinterface.graphicuserinterface.PrimaryController buttonExit
INFO: App close
sty 24, 2021 9:17:52 PM pl.userinterface.graphicuserinterface.App main
INFO: App start
sty 24, 2021 9:17:52 PM pl.userinterface.graphicuserinterface.PrimaryController initialize
INFO: Initialize menu site
sty 24, 2021 9:17:53 PM pl.userinterface.graphicuserinterface.PrimaryController buttonStart
INFO: Start game on level: EASY
sty 24, 2021 9:17:53 PM pl.userinterface.graphicuserinterface.SecondaryController initialize
INFO: Initialize game site
sty 24, 2021 9:17:53 PM pl.first.firstjava.SudokuBoard <init>
INFO: Create new clear board
sty 24, 2021 9:17:53 PM pl.userinterface.graphicuserinterface.SecondaryController initialize
INFO: Created new board
sty 24, 2021 9:18:05 PM pl.userinterface.graphicuserinterface.SecondaryController switchToPrimary
INFO: Exit from board
sty 24, 2021 9:18:05 PM pl.userinterface.graphicuserinterface.PrimaryController initialize
INFO: Initialize menu site
sty 24, 2021 9:18:09 PM pl.userinterface.graphicuserinterface.PrimaryController buttonExit
INFO: App close
sty 24, 2021 9:18:32 PM pl.userinterface.graphicuserinterface.App main
INFO: App start
sty 24, 2021 9:18:32 PM pl.userinterface.graphicuserinterface.PrimaryController initialize
INFO: Initialize menu site
sty 24, 2021 9:18:34 PM pl.userinterface.graphicuserinterface.PrimaryController buttonStart
INFO: Start game on level: EASY
sty 24, 2021 9:18:34 PM pl.userinterface.graphicuserinterface.SecondaryController initialize
INFO: Initialize game site
sty 24, 2021 9:18:34 PM pl.first.firstjava.SudokuBoard <init>
INFO: Create new clear board
sty 24, 2021 9:18:34 PM pl.userinterface.graphicuserinterface.SecondaryController initialize
INFO: Created new board
sty 24, 2021 9:18:40 PM pl.userinterface.graphicuserinterface.SecondaryController switchToPrimary
INFO: Exit from board
sty 24, 2021 9:18:40 PM pl.userinterface.graphicuserinterface.PrimaryController initialize
INFO: Initialize menu site
sty 24, 2021 9:18:41 PM pl.userinterface.graphicuserinterface.PrimaryController buttonExit
INFO: App close
sty 24, 2021 9:18:51 PM pl.userinterface.graphicuserinterface.App main
INFO: App start
sty 24, 2021 9:18:51 PM pl.userinterface.graphicuserinterface.PrimaryController initialize
INFO: Initialize menu site
sty 24, 2021 9:18:53 PM pl.userinterface.graphicuserinterface.PrimaryController buttonStart
INFO: Start game on level: EASY
sty 24, 2021 9:18:53 PM pl.userinterface.graphicuserinterface.SecondaryController initialize
INFO: Initialize game site
sty 24, 2021 9:18:53 PM pl.first.firstjava.SudokuBoard <init>
INFO: Create new clear board
sty 24, 2021 9:18:53 PM pl.userinterface.graphicuserinterface.SecondaryController initialize
INFO: Created new board
sty 24, 2021 9:18:59 PM pl.userinterface.graphicuserinterface.SecondaryController switchToPrimary
INFO: Exit from board
sty 24, 2021 9:18:59 PM pl.userinterface.graphicuserinterface.PrimaryController initialize
INFO: Initialize menu site
sty 24, 2021 9:19:00 PM pl.userinterface.graphicuserinterface.PrimaryController buttonExit
INFO: App close
sty 24, 2021 9:19:18 PM pl.userinterface.graphicuserinterface.App main
INFO: App start
sty 24, 2021 9:19:19 PM pl.userinterface.graphicuserinterface.PrimaryController initialize
INFO: Initialize menu site
sty 24, 2021 9:19:20 PM pl.userinterface.graphicuserinterface.PrimaryController buttonStart
INFO: Start game on level: EASY
sty 24, 2021 9:19:20 PM pl.userinterface.graphicuserinterface.SecondaryController initialize
INFO: Initialize game site
sty 24, 2021 9:19:20 PM pl.first.firstjava.SudokuBoard <init>
INFO: Create new clear board
sty 24, 2021 9:19:20 PM pl.userinterface.graphicuserinterface.SecondaryController initialize
INFO: Created new board
sty 24, 2021 9:19:25 PM pl.userinterface.graphicuserinterface.SecondaryController switchToPrimary
INFO: Exit from board
sty 24, 2021 9:19:25 PM pl.userinterface.graphicuserinterface.PrimaryController initialize
INFO: Initialize menu site
sty 24, 2021 9:19:25 PM pl.userinterface.graphicuserinterface.PrimaryController buttonExit
INFO: App close
sty 24, 2021 9:20:07 PM pl.userinterface.graphicuserinterface.App main
INFO: App start
sty 24, 2021 9:20:07 PM pl.userinterface.graphicuserinterface.PrimaryController initialize
INFO: Initialize menu site
sty 24, 2021 9:20:08 PM pl.userinterface.graphicuserinterface.PrimaryController buttonStart
INFO: Start game on level: EASY
sty 24, 2021 9:20:08 PM pl.userinterface.graphicuserinterface.SecondaryController initialize
INFO: Initialize game site
sty 24, 2021 9:20:08 PM pl.first.firstjava.SudokuBoard <init>
INFO: Create new clear board
sty 24, 2021 9:20:08 PM pl.userinterface.graphicuserinterface.SecondaryController initialize
INFO: Created new board
sty 24, 2021 9:20:12 PM pl.userinterface.graphicuserinterface.SecondaryController switchToPrimary
INFO: Exit from board
sty 24, 2021 9:20:12 PM pl.userinterface.graphicuserinterface.PrimaryController initialize
INFO: Initialize menu site
sty 24, 2021 9:20:13 PM pl.userinterface.graphicuserinterface.PrimaryController buttonExit
INFO: App close
sty 24, 2021 9:22:04 PM pl.userinterface.graphicuserinterface.App main
INFO: App start
sty 24, 2021 9:22:04 PM pl.userinterface.graphicuserinterface.PrimaryController initialize
INFO: Initialize menu site
sty 24, 2021 9:22:06 PM pl.userinterface.graphicuserinterface.PrimaryController buttonStart
INFO: Start game on level: EASY
sty 24, 2021 9:22:06 PM pl.userinterface.graphicuserinterface.SecondaryController initialize
INFO: Initialize game site
sty 24, 2021 9:22:06 PM pl.first.firstjava.SudokuBoard <init>
INFO: Create new clear board
sty 24, 2021 9:22:06 PM pl.userinterface.graphicuserinterface.SecondaryController initialize
INFO: Created new board
sty 24, 2021 9:22:15 PM pl.userinterface.graphicuserinterface.SecondaryController switchToPrimary
INFO: Exit from board
sty 24, 2021 9:22:15 PM pl.userinterface.graphicuserinterface.PrimaryController initialize
INFO: Initialize menu site
sty 24, 2021 9:22:16 PM pl.userinterface.graphicuserinterface.PrimaryController buttonExit
INFO: App close
sty 24, 2021 9:24:52 PM pl.userinterface.graphicuserinterface.App main
INFO: App start
sty 24, 2021 9:24:52 PM pl.userinterface.graphicuserinterface.PrimaryController initialize
INFO: Initialize menu site
sty 24, 2021 9:24:56 PM pl.userinterface.graphicuserinterface.PrimaryController buttonStart
INFO: Start game on level: EASY
sty 24, 2021 9:24:56 PM pl.userinterface.graphicuserinterface.SecondaryController initialize
INFO: Initialize game site
sty 24, 2021 9:24:56 PM pl.first.firstjava.SudokuBoard <init>
INFO: Create new clear board
sty 24, 2021 9:24:56 PM pl.userinterface.graphicuserinterface.SecondaryController initialize
INFO: Created new board
sty 24, 2021 9:25:02 PM pl.userinterface.graphicuserinterface.SecondaryController switchToPrimary
INFO: Exit from board
sty 24, 2021 9:25:02 PM pl.userinterface.graphicuserinterface.PrimaryController initialize
INFO: Initialize menu site
sty 24, 2021 9:25:03 PM pl.userinterface.graphicuserinterface.PrimaryController buttonExit
INFO: App close
sty 24, 2021 9:25:51 PM pl.userinterface.graphicuserinterface.App main
INFO: App start
sty 24, 2021 9:25:52 PM pl.userinterface.graphicuserinterface.PrimaryController initialize
INFO: Initialize menu site
sty 24, 2021 9:25:53 PM pl.userinterface.graphicuserinterface.PrimaryController buttonStart
INFO: Start game on level: EASY
sty 24, 2021 9:25:53 PM pl.userinterface.graphicuserinterface.SecondaryController initialize
INFO: Initialize game site
sty 24, 2021 9:25:53 PM pl.first.firstjava.SudokuBoard <init>
INFO: Create new clear board
sty 24, 2021 9:25:53 PM pl.userinterface.graphicuserinterface.SecondaryController initialize
INFO: Created new board
sty 24, 2021 9:25:56 PM pl.userinterface.graphicuserinterface.SecondaryController switchToPrimary
INFO: Exit from board
sty 24, 2021 9:25:56 PM pl.userinterface.graphicuserinterface.PrimaryController initialize
INFO: Initialize menu site
sty 24, 2021 9:25:57 PM pl.userinterface.graphicuserinterface.PrimaryController buttonExit
INFO: App close
sty 24, 2021 9:26:44 PM pl.userinterface.graphicuserinterface.App main
INFO: App start
sty 24, 2021 9:26:44 PM pl.userinterface.graphicuserinterface.PrimaryController initialize
INFO: Initialize menu site
sty 24, 2021 9:26:46 PM pl.userinterface.graphicuserinterface.PrimaryController buttonStart
INFO: Start game on level: EASY
sty 24, 2021 9:26:46 PM pl.userinterface.graphicuserinterface.SecondaryController initialize
INFO: Initialize game site
sty 24, 2021 9:26:46 PM pl.first.firstjava.SudokuBoard <init>
INFO: Create new clear board
sty 24, 2021 9:26:46 PM pl.userinterface.graphicuserinterface.SecondaryController initialize
INFO: Created new board
sty 24, 2021 9:26:50 PM pl.userinterface.graphicuserinterface.SecondaryController switchToPrimary
INFO: Exit from board
sty 24, 2021 9:26:50 PM pl.userinterface.graphicuserinterface.PrimaryController initialize
INFO: Initialize menu site
sty 24, 2021 9:26:51 PM pl.userinterface.graphicuserinterface.PrimaryController buttonExit
INFO: App close
sty 24, 2021 9:27:13 PM pl.userinterface.graphicuserinterface.App main
INFO: App start
sty 24, 2021 9:27:13 PM pl.userinterface.graphicuserinterface.PrimaryController initialize
INFO: Initialize menu site
sty 24, 2021 9:27:15 PM pl.userinterface.graphicuserinterface.PrimaryController buttonStart
INFO: Start game on level: EASY
sty 24, 2021 9:27:16 PM pl.userinterface.graphicuserinterface.SecondaryController initialize
INFO: Initialize game site
sty 24, 2021 9:27:16 PM pl.first.firstjava.SudokuBoard <init>
INFO: Create new clear board
sty 24, 2021 9:27:16 PM pl.userinterface.graphicuserinterface.SecondaryController initialize
INFO: Created new board
sty 24, 2021 9:27:19 PM pl.userinterface.graphicuserinterface.SecondaryController switchToPrimary
INFO: Exit from board
sty 24, 2021 9:27:19 PM pl.userinterface.graphicuserinterface.PrimaryController initialize
INFO: Initialize menu site
sty 24, 2021 9:27:20 PM pl.userinterface.graphicuserinterface.PrimaryController buttonExit
INFO: App close
sty 24, 2021 9:27:43 PM pl.userinterface.graphicuserinterface.App main
INFO: App start
sty 24, 2021 9:27:43 PM pl.userinterface.graphicuserinterface.PrimaryController initialize
INFO: Initialize menu site
sty 24, 2021 9:27:45 PM pl.userinterface.graphicuserinterface.PrimaryController buttonStart
INFO: Start game on level: EASY
sty 24, 2021 9:27:45 PM pl.userinterface.graphicuserinterface.SecondaryController initialize
INFO: Initialize game site
sty 24, 2021 9:27:45 PM pl.first.firstjava.SudokuBoard <init>
INFO: Create new clear board
sty 24, 2021 9:27:45 PM pl.userinterface.graphicuserinterface.SecondaryController initialize
INFO: Created new board
sty 24, 2021 9:27:47 PM pl.userinterface.graphicuserinterface.SecondaryController switchToPrimary
INFO: Exit from board
sty 24, 2021 9:27:47 PM pl.userinterface.graphicuserinterface.PrimaryController initialize
INFO: Initialize menu site
sty 24, 2021 9:27:48 PM pl.userinterface.graphicuserinterface.PrimaryController buttonExit
INFO: App close
sty 24, 2021 9:28:45 PM pl.userinterface.graphicuserinterface.App main
INFO: App start
sty 24, 2021 9:28:45 PM pl.userinterface.graphicuserinterface.PrimaryController initialize
INFO: Initialize menu site
sty 24, 2021 9:28:46 PM pl.userinterface.graphicuserinterface.PrimaryController buttonStart
INFO: Start game on level: EASY
sty 24, 2021 9:28:46 PM pl.userinterface.graphicuserinterface.SecondaryController initialize
INFO: Initialize game site
sty 24, 2021 9:28:46 PM pl.first.firstjava.SudokuBoard <init>
INFO: Create new clear board
sty 24, 2021 9:28:46 PM pl.userinterface.graphicuserinterface.SecondaryController initialize
INFO: Created new board
sty 24, 2021 9:28:49 PM pl.userinterface.graphicuserinterface.SecondaryController switchToPrimary
INFO: Exit from board
sty 24, 2021 9:28:49 PM pl.userinterface.graphicuserinterface.PrimaryController initialize
INFO: Initialize menu site
sty 24, 2021 9:28:50 PM pl.userinterface.graphicuserinterface.PrimaryController buttonExit
INFO: App close
sty 24, 2021 9:29:12 PM pl.userinterface.graphicuserinterface.App main
INFO: App start
sty 24, 2021 9:29:12 PM pl.userinterface.graphicuserinterface.PrimaryController initialize
INFO: Initialize menu site
sty 24, 2021 9:29:13 PM pl.userinterface.graphicuserinterface.PrimaryController buttonStart
INFO: Start game on level: EASY
sty 24, 2021 9:29:13 PM pl.userinterface.graphicuserinterface.SecondaryController initialize
INFO: Initialize game site
sty 24, 2021 9:29:13 PM pl.first.firstjava.SudokuBoard <init>
INFO: Create new clear board
sty 24, 2021 9:29:13 PM pl.userinterface.graphicuserinterface.SecondaryController initialize
INFO: Created new board
sty 24, 2021 9:29:16 PM pl.userinterface.graphicuserinterface.SecondaryController switchToPrimary
INFO: Exit from board
sty 24, 2021 9:29:16 PM pl.userinterface.graphicuserinterface.PrimaryController initialize
INFO: Initialize menu site
sty 24, 2021 9:29:17 PM pl.userinterface.graphicuserinterface.PrimaryController buttonExit
INFO: App close
sty 24, 2021 9:30:24 PM pl.userinterface.graphicuserinterface.App main
INFO: App start
sty 24, 2021 9:30:25 PM pl.userinterface.graphicuserinterface.PrimaryController initialize
INFO: Initialize menu site
sty 24, 2021 9:30:26 PM pl.userinterface.graphicuserinterface.PrimaryController buttonStart
INFO: Start game on level: EASY
sty 24, 2021 9:30:26 PM pl.userinterface.graphicuserinterface.SecondaryController initialize
INFO: Initialize game site
sty 24, 2021 9:30:26 PM pl.first.firstjava.SudokuBoard <init>
INFO: Create new clear board
sty 24, 2021 9:30:26 PM pl.userinterface.graphicuserinterface.SecondaryController initialize
INFO: Created new board
sty 24, 2021 9:30:33 PM pl.userinterface.graphicuserinterface.SecondaryController switchToPrimary
INFO: Exit from board
sty 24, 2021 9:30:33 PM pl.userinterface.graphicuserinterface.PrimaryController initialize
INFO: Initialize menu site
sty 24, 2021 9:30:33 PM pl.userinterface.graphicuserinterface.PrimaryController buttonExit
INFO: App close
sty 24, 2021 9:33:34 PM pl.userinterface.graphicuserinterface.App main
INFO: App start
sty 24, 2021 9:33:34 PM pl.userinterface.graphicuserinterface.PrimaryController initialize
INFO: Initialize menu site
sty 24, 2021 9:33:36 PM pl.userinterface.graphicuserinterface.PrimaryController buttonStart
INFO: Start game on level: EASY
sty 24, 2021 9:33:36 PM pl.userinterface.graphicuserinterface.SecondaryController initialize
INFO: Initialize game site
sty 24, 2021 9:33:36 PM pl.first.firstjava.SudokuBoard <init>
INFO: Create new clear board
sty 24, 2021 9:33:36 PM pl.userinterface.graphicuserinterface.SecondaryController initialize
INFO: Created new board
sty 24, 2021 9:33:44 PM pl.userinterface.graphicuserinterface.SecondaryController switchToPrimary
INFO: Exit from board
sty 24, 2021 9:33:44 PM pl.userinterface.graphicuserinterface.PrimaryController initialize
INFO: Initialize menu site
sty 24, 2021 9:33:45 PM pl.userinterface.graphicuserinterface.PrimaryController buttonExit
INFO: App close
sty 24, 2021 9:33:56 PM pl.userinterface.graphicuserinterface.App main
INFO: App start
sty 24, 2021 9:33:56 PM pl.userinterface.graphicuserinterface.PrimaryController initialize
INFO: Initialize menu site
sty 24, 2021 9:33:58 PM pl.userinterface.graphicuserinterface.PrimaryController buttonStart
INFO: Start game on level: EASY
sty 24, 2021 9:33:58 PM pl.userinterface.graphicuserinterface.SecondaryController initialize
INFO: Initialize game site
sty 24, 2021 9:33:58 PM pl.first.firstjava.SudokuBoard <init>
INFO: Create new clear board
sty 24, 2021 9:33:58 PM pl.userinterface.graphicuserinterface.SecondaryController initialize
INFO: Created new board
sty 24, 2021 9:34:02 PM pl.userinterface.graphicuserinterface.SecondaryController switchToPrimary
INFO: Exit from board
sty 24, 2021 9:34:02 PM pl.userinterface.graphicuserinterface.PrimaryController initialize
INFO: Initialize menu site
sty 24, 2021 9:34:04 PM pl.userinterface.graphicuserinterface.PrimaryController buttonExit
INFO: App close
sty 24, 2021 9:34:44 PM pl.userinterface.graphicuserinterface.App main
INFO: App start
sty 24, 2021 9:34:44 PM pl.userinterface.graphicuserinterface.PrimaryController initialize
INFO: Initialize menu site
sty 24, 2021 9:34:45 PM pl.userinterface.graphicuserinterface.PrimaryController buttonStart
INFO: Start game on level: EASY
sty 24, 2021 9:34:45 PM pl.userinterface.graphicuserinterface.SecondaryController initialize
INFO: Initialize game site
sty 24, 2021 9:34:45 PM pl.first.firstjava.SudokuBoard <init>
INFO: Create new clear board
sty 24, 2021 9:34:45 PM pl.userinterface.graphicuserinterface.SecondaryController initialize
INFO: Created new board
sty 24, 2021 9:34:48 PM pl.userinterface.graphicuserinterface.SecondaryController switchToPrimary
INFO: Exit from board
sty 24, 2021 9:34:48 PM pl.userinterface.graphicuserinterface.PrimaryController initialize
INFO: Initialize menu site
sty 24, 2021 9:34:49 PM pl.userinterface.graphicuserinterface.PrimaryController buttonExit
INFO: App close
sty 24, 2021 9:36:36 PM pl.userinterface.graphicuserinterface.App main
INFO: App start
sty 24, 2021 9:36:37 PM pl.userinterface.graphicuserinterface.PrimaryController initialize
INFO: Initialize menu site
sty 24, 2021 9:36:39 PM pl.userinterface.graphicuserinterface.PrimaryController buttonStart
INFO: Start game on level: EASY
sty 24, 2021 9:36:39 PM pl.userinterface.graphicuserinterface.SecondaryController initialize
INFO: Initialize game site
sty 24, 2021 9:36:39 PM pl.first.firstjava.SudokuBoard <init>
INFO: Create new clear board
sty 24, 2021 9:36:39 PM pl.userinterface.graphicuserinterface.SecondaryController initialize
INFO: Created new board
sty 24, 2021 9:36:49 PM pl.userinterface.graphicuserinterface.SecondaryController switchToPrimary
INFO: Exit from board
sty 24, 2021 9:36:49 PM pl.userinterface.graphicuserinterface.PrimaryController initialize
INFO: Initialize menu site
sty 24, 2021 9:36:50 PM pl.userinterface.graphicuserinterface.PrimaryController buttonExit
INFO: App close
sty 24, 2021 9:37:29 PM pl.userinterface.graphicuserinterface.App main
INFO: App start
sty 24, 2021 9:37:29 PM pl.userinterface.graphicuserinterface.PrimaryController initialize
INFO: Initialize menu site
sty 24, 2021 9:37:33 PM pl.userinterface.graphicuserinterface.PrimaryController buttonStart
INFO: Start game on level: EASY
sty 24, 2021 9:37:34 PM pl.userinterface.graphicuserinterface.SecondaryController initialize
INFO: Initialize game site
sty 24, 2021 9:37:34 PM pl.first.firstjava.SudokuBoard <init>
INFO: Create new clear board
sty 24, 2021 9:37:34 PM pl.userinterface.graphicuserinterface.SecondaryController initialize
INFO: Created new board
sty 24, 2021 9:37:48 PM pl.userinterface.graphicuserinterface.SecondaryController switchToPrimary
INFO: Exit from board
sty 24, 2021 9:37:48 PM pl.userinterface.graphicuserinterface.PrimaryController initialize
INFO: Initialize menu site
sty 24, 2021 9:37:48 PM pl.userinterface.graphicuserinterface.PrimaryController buttonExit
INFO: App close
sty 24, 2021 9:38:27 PM pl.userinterface.graphicuserinterface.App main
INFO: App start
sty 24, 2021 9:38:28 PM pl.userinterface.graphicuserinterface.PrimaryController initialize
INFO: Initialize menu site
sty 24, 2021 9:38:29 PM pl.userinterface.graphicuserinterface.PrimaryController buttonStart
INFO: Start game on level: EASY
sty 24, 2021 9:38:29 PM pl.userinterface.graphicuserinterface.SecondaryController initialize
INFO: Initialize game site
sty 24, 2021 9:38:29 PM pl.first.firstjava.SudokuBoard <init>
INFO: Create new clear board
sty 24, 2021 9:38:29 PM pl.userinterface.graphicuserinterface.SecondaryController initialize
INFO: Created new board
sty 24, 2021 9:38:33 PM pl.userinterface.graphicuserinterface.SecondaryController switchToPrimary
INFO: Exit from board
sty 24, 2021 9:38:33 PM pl.userinterface.graphicuserinterface.PrimaryController initialize
INFO: Initialize menu site
sty 24, 2021 9:38:33 PM pl.userinterface.graphicuserinterface.PrimaryController buttonExit
INFO: App close
sty 24, 2021 9:39:02 PM pl.userinterface.graphicuserinterface.App main
INFO: App start
sty 24, 2021 9:39:02 PM pl.userinterface.graphicuserinterface.PrimaryController initialize
INFO: Initialize menu site
sty 24, 2021 9:39:03 PM pl.userinterface.graphicuserinterface.PrimaryController buttonStart
INFO: Start game on level: EASY
sty 24, 2021 9:39:03 PM pl.userinterface.graphicuserinterface.SecondaryController initialize
INFO: Initialize game site
sty 24, 2021 9:39:03 PM pl.first.firstjava.SudokuBoard <init>
INFO: Create new clear board
sty 24, 2021 9:39:03 PM pl.userinterface.graphicuserinterface.SecondaryController initialize
INFO: Created new board
sty 24, 2021 9:39:07 PM pl.userinterface.graphicuserinterface.SecondaryController switchToPrimary
INFO: Exit from board
sty 24, 2021 9:39:07 PM pl.userinterface.graphicuserinterface.PrimaryController initialize
INFO: Initialize menu site
sty 24, 2021 9:39:08 PM pl.userinterface.graphicuserinterface.PrimaryController buttonExit
INFO: App close
sty 24, 2021 9:39:39 PM pl.userinterface.graphicuserinterface.App main
INFO: App start
sty 24, 2021 9:39:40 PM pl.userinterface.graphicuserinterface.PrimaryController initialize
INFO: Initialize menu site
sty 24, 2021 9:39:41 PM pl.userinterface.graphicuserinterface.PrimaryController buttonStart
INFO: Start game on level: EASY
sty 24, 2021 9:39:41 PM pl.userinterface.graphicuserinterface.SecondaryController initialize
INFO: Initialize game site
sty 24, 2021 9:39:41 PM pl.first.firstjava.SudokuBoard <init>
INFO: Create new clear board
sty 24, 2021 9:39:41 PM pl.userinterface.graphicuserinterface.SecondaryController initialize
INFO: Created new board
sty 24, 2021 9:39:46 PM pl.userinterface.graphicuserinterface.SecondaryController switchToPrimary
INFO: Exit from board
sty 24, 2021 9:39:46 PM pl.userinterface.graphicuserinterface.PrimaryController initialize
INFO: Initialize menu site
sty 24, 2021 9:39:47 PM pl.userinterface.graphicuserinterface.PrimaryController buttonExit
INFO: App close
sty 24, 2021 9:39:58 PM pl.userinterface.graphicuserinterface.App main
INFO: App start
sty 24, 2021 9:39:58 PM pl.userinterface.graphicuserinterface.PrimaryController initialize
INFO: Initialize menu site
sty 24, 2021 9:39:59 PM pl.userinterface.graphicuserinterface.PrimaryController buttonStart
INFO: Start game on level: EASY
sty 24, 2021 9:40:00 PM pl.userinterface.graphicuserinterface.SecondaryController initialize
INFO: Initialize game site
sty 24, 2021 9:40:00 PM pl.first.firstjava.SudokuBoard <init>
INFO: Create new clear board
sty 24, 2021 9:40:00 PM pl.userinterface.graphicuserinterface.SecondaryController initialize
INFO: Created new board
sty 24, 2021 9:40:04 PM pl.userinterface.graphicuserinterface.SecondaryController switchToPrimary
INFO: Exit from board
sty 24, 2021 9:40:04 PM pl.userinterface.graphicuserinterface.PrimaryController initialize
INFO: Initialize menu site
sty 24, 2021 9:40:05 PM pl.userinterface.graphicuserinterface.PrimaryController buttonExit
INFO: App close
sty 24, 2021 9:41:06 PM pl.userinterface.graphicuserinterface.App main
INFO: App start
sty 24, 2021 9:41:06 PM pl.userinterface.graphicuserinterface.PrimaryController initialize
INFO: Initialize menu site
sty 24, 2021 9:41:07 PM pl.userinterface.graphicuserinterface.PrimaryController buttonStart
INFO: Start game on level: EASY
sty 24, 2021 9:41:07 PM pl.userinterface.graphicuserinterface.SecondaryController initialize
INFO: Initialize game site
sty 24, 2021 9:41:07 PM pl.first.firstjava.SudokuBoard <init>
INFO: Create new clear board
sty 24, 2021 9:41:07 PM pl.userinterface.graphicuserinterface.SecondaryController initialize
INFO: Created new board
sty 24, 2021 9:41:13 PM pl.userinterface.graphicuserinterface.SecondaryController switchToPrimary
INFO: Exit from board
sty 24, 2021 9:41:13 PM pl.userinterface.graphicuserinterface.PrimaryController initialize
INFO: Initialize menu site
sty 24, 2021 9:41:14 PM pl.userinterface.graphicuserinterface.PrimaryController buttonExit
INFO: App close
sty 24, 2021 9:43:17 PM pl.userinterface.graphicuserinterface.App main
INFO: App start
sty 24, 2021 9:43:17 PM pl.userinterface.graphicuserinterface.PrimaryController initialize
INFO: Initialize menu site
sty 24, 2021 9:43:18 PM pl.userinterface.graphicuserinterface.PrimaryController buttonStart
INFO: Start game on level: EASY
sty 24, 2021 9:43:18 PM pl.userinterface.graphicuserinterface.SecondaryController initialize
INFO: Initialize game site
sty 24, 2021 9:43:18 PM pl.first.firstjava.SudokuBoard <init>
INFO: Create new clear board
sty 24, 2021 9:43:18 PM pl.userinterface.graphicuserinterface.SecondaryController initialize
INFO: Created new board
sty 24, 2021 9:43:33 PM pl.userinterface.graphicuserinterface.SecondaryController switchToPrimary
INFO: Exit from board
sty 24, 2021 9:43:33 PM pl.userinterface.graphicuserinterface.PrimaryController initialize
INFO: Initialize menu site
sty 24, 2021 9:43:34 PM pl.userinterface.graphicuserinterface.PrimaryController buttonExit
INFO: App close
sty 24, 2021 9:45:37 PM pl.userinterface.graphicuserinterface.App main
INFO: App start
sty 24, 2021 9:45:37 PM pl.userinterface.graphicuserinterface.PrimaryController initialize
INFO: Initialize menu site
sty 24, 2021 9:45:38 PM pl.userinterface.graphicuserinterface.PrimaryController buttonStart
INFO: Start game on level: EASY
sty 24, 2021 9:45:38 PM pl.userinterface.graphicuserinterface.SecondaryController initialize
INFO: Initialize game site
sty 24, 2021 9:45:38 PM pl.first.firstjava.SudokuBoard <init>
INFO: Create new clear board
sty 24, 2021 9:45:38 PM pl.userinterface.graphicuserinterface.SecondaryController initialize
INFO: Created new board
sty 24, 2021 9:45:42 PM pl.userinterface.graphicuserinterface.SecondaryController switchToPrimary
INFO: Exit from board
sty 24, 2021 9:45:42 PM pl.userinterface.graphicuserinterface.PrimaryController initialize
INFO: Initialize menu site
sty 24, 2021 9:45:43 PM pl.userinterface.graphicuserinterface.PrimaryController buttonStart
INFO: Start game on level: EASY
sty 24, 2021 9:45:43 PM pl.userinterface.graphicuserinterface.SecondaryController initialize
INFO: Initialize game site
sty 24, 2021 9:45:43 PM pl.first.firstjava.SudokuBoard <init>
INFO: Create new clear board
sty 24, 2021 9:45:43 PM pl.userinterface.graphicuserinterface.SecondaryController initialize
INFO: Created new board
sty 24, 2021 9:45:53 PM pl.userinterface.graphicuserinterface.SecondaryController switchToPrimary
INFO: Exit from board
sty 24, 2021 9:45:53 PM pl.userinterface.graphicuserinterface.PrimaryController initialize
INFO: Initialize menu site
sty 24, 2021 9:45:54 PM pl.userinterface.graphicuserinterface.PrimaryController buttonExit
INFO: App close
sty 24, 2021 9:46:40 PM pl.userinterface.graphicuserinterface.App main
INFO: App start
sty 24, 2021 9:46:40 PM pl.userinterface.graphicuserinterface.PrimaryController initialize
INFO: Initialize menu site
sty 24, 2021 9:46:42 PM pl.userinterface.graphicuserinterface.PrimaryController buttonStart
INFO: Start game on level: EASY
sty 24, 2021 9:46:42 PM pl.userinterface.graphicuserinterface.SecondaryController initialize
INFO: Initialize game site
sty 24, 2021 9:46:42 PM pl.first.firstjava.SudokuBoard <init>
INFO: Create new clear board
sty 24, 2021 9:46:42 PM pl.userinterface.graphicuserinterface.SecondaryController initialize
INFO: Created new board
sty 24, 2021 9:46:47 PM pl.userinterface.graphicuserinterface.SecondaryController switchToPrimary
INFO: Exit from board
sty 24, 2021 9:46:47 PM pl.userinterface.graphicuserinterface.PrimaryController initialize
INFO: Initialize menu site
sty 24, 2021 9:46:48 PM pl.userinterface.graphicuserinterface.PrimaryController buttonExit
INFO: App close
sty 24, 2021 9:47:01 PM pl.userinterface.graphicuserinterface.App main
INFO: App start
sty 24, 2021 9:47:01 PM pl.userinterface.graphicuserinterface.PrimaryController initialize
INFO: Initialize menu site
sty 24, 2021 9:47:03 PM pl.userinterface.graphicuserinterface.PrimaryController buttonStart
INFO: Start game on level: EASY
sty 24, 2021 9:47:03 PM pl.userinterface.graphicuserinterface.SecondaryController initialize
INFO: Initialize game site
sty 24, 2021 9:47:03 PM pl.first.firstjava.SudokuBoard <init>
INFO: Create new clear board
sty 24, 2021 9:47:03 PM pl.userinterface.graphicuserinterface.SecondaryController initialize
INFO: Created new board
sty 24, 2021 9:47:17 PM pl.userinterface.graphicuserinterface.SecondaryController switchToPrimary
INFO: Exit from board
sty 24, 2021 9:47:17 PM pl.userinterface.graphicuserinterface.PrimaryController initialize
INFO: Initialize menu site
sty 24, 2021 9:47:18 PM pl.userinterface.graphicuserinterface.PrimaryController buttonExit
INFO: App close
sty 24, 2021 9:48:15 PM pl.userinterface.graphicuserinterface.App main
INFO: App start
sty 24, 2021 9:48:16 PM pl.userinterface.graphicuserinterface.PrimaryController initialize
INFO: Initialize menu site
sty 24, 2021 9:48:17 PM pl.userinterface.graphicuserinterface.PrimaryController buttonStart
INFO: Start game on level: EASY
sty 24, 2021 9:48:17 PM pl.userinterface.graphicuserinterface.SecondaryController initialize
INFO: Initialize game site
sty 24, 2021 9:48:17 PM pl.first.firstjava.SudokuBoard <init>
INFO: Create new clear board
sty 24, 2021 9:48:17 PM pl.userinterface.graphicuserinterface.SecondaryController initialize
INFO: Created new board
sty 24, 2021 9:48:42 PM pl.userinterface.graphicuserinterface.SecondaryController switchToPrimary
INFO: Exit from board
sty 24, 2021 9:48:42 PM pl.userinterface.graphicuserinterface.PrimaryController initialize
INFO: Initialize menu site
sty 24, 2021 9:48:42 PM pl.userinterface.graphicuserinterface.PrimaryController buttonExit
INFO: App close
sty 24, 2021 10:07:12 PM pl.userinterface.graphicuserinterface.App main
INFO: App start
sty 24, 2021 10:07:12 PM pl.userinterface.graphicuserinterface.PrimaryController initialize
INFO: Initialize menu site
sty 24, 2021 10:07:14 PM pl.userinterface.graphicuserinterface.PrimaryController buttonStart
INFO: Start game on level: EASY
sty 24, 2021 10:07:14 PM pl.userinterface.graphicuserinterface.SecondaryController initialize
INFO: Initialize game site
sty 24, 2021 10:07:14 PM pl.first.firstjava.SudokuBoard <init>
INFO: Create new clear board
sty 24, 2021 10:07:14 PM pl.userinterface.graphicuserinterface.SecondaryController initialize
INFO: Created new board
sty 24, 2021 10:07:19 PM pl.userinterface.graphicuserinterface.SecondaryController switchToPrimary
INFO: Exit from board
sty 24, 2021 10:07:19 PM pl.userinterface.graphicuserinterface.PrimaryController initialize
INFO: Initialize menu site
sty 24, 2021 10:07:20 PM pl.userinterface.graphicuserinterface.PrimaryController buttonExit
INFO: App close
sty 24, 2021 10:12:58 PM pl.userinterface.graphicuserinterface.App main
INFO: App start
sty 24, 2021 10:12:58 PM pl.userinterface.graphicuserinterface.PrimaryController initialize
INFO: Initialize menu site
sty 24, 2021 10:12:59 PM pl.userinterface.graphicuserinterface.PrimaryController buttonStart
INFO: Start game on level: EASY
sty 24, 2021 10:12:59 PM pl.userinterface.graphicuserinterface.SecondaryController initialize
INFO: Initialize game site
sty 24, 2021 10:12:59 PM pl.first.firstjava.SudokuBoard <init>
INFO: Create new clear board
sty 24, 2021 10:12:59 PM pl.userinterface.graphicuserinterface.SecondaryController initialize
INFO: Created new board
sty 24, 2021 10:13:08 PM pl.userinterface.graphicuserinterface.SecondaryController switchToPrimary
INFO: Exit from board
sty 24, 2021 10:13:08 PM pl.userinterface.graphicuserinterface.PrimaryController initialize
INFO: Initialize menu site
sty 24, 2021 10:13:08 PM pl.userinterface.graphicuserinterface.PrimaryController buttonExit
INFO: App close
sty 24, 2021 10:13:49 PM pl.userinterface.graphicuserinterface.App main
INFO: App start
sty 24, 2021 10:13:49 PM pl.userinterface.graphicuserinterface.PrimaryController initialize
INFO: Initialize menu site
sty 24, 2021 10:13:51 PM pl.userinterface.graphicuserinterface.PrimaryController buttonStart
INFO: Start game on level: EASY
sty 24, 2021 10:13:51 PM pl.userinterface.graphicuserinterface.SecondaryController initialize
INFO: Initialize game site
sty 24, 2021 10:13:51 PM pl.first.firstjava.SudokuBoard <init>
INFO: Create new clear board
sty 24, 2021 10:13:51 PM pl.userinterface.graphicuserinterface.SecondaryController initialize
INFO: Created new board
sty 24, 2021 10:13:53 PM pl.userinterface.graphicuserinterface.SecondaryController switchToPrimary
INFO: Exit from board
sty 24, 2021 10:13:53 PM pl.userinterface.graphicuserinterface.PrimaryController initialize
INFO: Initialize menu site
sty 24, 2021 10:13:54 PM pl.userinterface.graphicuserinterface.PrimaryController buttonExit
INFO: App close
sty 24, 2021 10:15:04 PM pl.userinterface.graphicuserinterface.App main
INFO: App start
sty 24, 2021 10:15:04 PM pl.userinterface.graphicuserinterface.PrimaryController initialize
INFO: Initialize menu site
sty 24, 2021 10:15:07 PM pl.userinterface.graphicuserinterface.PrimaryController buttonStart
INFO: Start game on level: EASY
sty 24, 2021 10:15:07 PM pl.userinterface.graphicuserinterface.SecondaryController initialize
INFO: Initialize game site
sty 24, 2021 10:15:07 PM pl.first.firstjava.SudokuBoard <init>
INFO: Create new clear board
sty 24, 2021 10:15:07 PM pl.userinterface.graphicuserinterface.SecondaryController initialize
INFO: Created new board
sty 24, 2021 10:15:16 PM pl.userinterface.graphicuserinterface.SecondaryController switchToPrimary
INFO: Exit from board
sty 24, 2021 10:15:16 PM pl.userinterface.graphicuserinterface.PrimaryController initialize
INFO: Initialize menu site
sty 24, 2021 10:15:17 PM pl.userinterface.graphicuserinterface.PrimaryController buttonExit
INFO: App close
sty 24, 2021 10:15:49 PM pl.userinterface.graphicuserinterface.App main
INFO: App start
sty 24, 2021 10:15:50 PM pl.userinterface.graphicuserinterface.PrimaryController initialize
INFO: Initialize menu site
sty 24, 2021 10:15:52 PM pl.userinterface.graphicuserinterface.PrimaryController buttonStart
INFO: Start game on level: EASY
sty 24, 2021 10:15:52 PM pl.userinterface.graphicuserinterface.SecondaryController initialize
INFO: Initialize game site
sty 24, 2021 10:15:52 PM pl.first.firstjava.SudokuBoard <init>
INFO: Create new clear board
sty 24, 2021 10:15:52 PM pl.userinterface.graphicuserinterface.SecondaryController initialize
INFO: Created new board
sty 24, 2021 10:15:56 PM pl.userinterface.graphicuserinterface.SecondaryController switchToPrimary
INFO: Exit from board
sty 24, 2021 10:15:56 PM pl.userinterface.graphicuserinterface.PrimaryController initialize
INFO: Initialize menu site
sty 24, 2021 10:15:57 PM pl.userinterface.graphicuserinterface.PrimaryController buttonExit
INFO: App close
sty 24, 2021 10:16:29 PM pl.userinterface.graphicuserinterface.App main
INFO: App start
sty 24, 2021 10:16:29 PM pl.userinterface.graphicuserinterface.PrimaryController initialize
INFO: Initialize menu site
sty 24, 2021 10:16:30 PM pl.userinterface.graphicuserinterface.PrimaryController buttonStart
INFO: Start game on level: EASY
sty 24, 2021 10:16:30 PM pl.userinterface.graphicuserinterface.SecondaryController initialize
INFO: Initialize game site
sty 24, 2021 10:16:30 PM pl.first.firstjava.SudokuBoard <init>
INFO: Create new clear board
sty 24, 2021 10:16:30 PM pl.userinterface.graphicuserinterface.SecondaryController initialize
INFO: Created new board
sty 24, 2021 10:16:33 PM pl.userinterface.graphicuserinterface.SecondaryController switchToPrimary
INFO: Exit from board
sty 24, 2021 10:16:33 PM pl.userinterface.graphicuserinterface.PrimaryController initialize
INFO: Initialize menu site
sty 24, 2021 10:16:34 PM pl.userinterface.graphicuserinterface.PrimaryController buttonExit
INFO: App close
sty 24, 2021 10:18:46 PM pl.userinterface.graphicuserinterface.App main
INFO: App start
sty 24, 2021 10:18:46 PM pl.userinterface.graphicuserinterface.PrimaryController initialize
INFO: Initialize menu site
sty 24, 2021 10:18:47 PM pl.userinterface.graphicuserinterface.PrimaryController buttonStart
INFO: Start game on level: EASY
sty 24, 2021 10:18:47 PM pl.userinterface.graphicuserinterface.SecondaryController initialize
INFO: Initialize game site
sty 24, 2021 10:18:47 PM pl.first.firstjava.SudokuBoard <init>
INFO: Create new clear board
sty 24, 2021 10:18:47 PM pl.userinterface.graphicuserinterface.SecondaryController initialize
INFO: Created new board
sty 24, 2021 10:18:50 PM pl.userinterface.graphicuserinterface.SecondaryController switchToPrimary
INFO: Exit from board
sty 24, 2021 10:18:50 PM pl.userinterface.graphicuserinterface.PrimaryController initialize
INFO: Initialize menu site
sty 24, 2021 10:18:51 PM pl.userinterface.graphicuserinterface.PrimaryController buttonExit
INFO: App close
sty 24, 2021 10:19:08 PM pl.userinterface.graphicuserinterface.App main
INFO: App start
sty 24, 2021 10:19:08 PM pl.userinterface.graphicuserinterface.PrimaryController initialize
INFO: Initialize menu site
sty 24, 2021 10:19:11 PM pl.userinterface.graphicuserinterface.PrimaryController buttonStart
INFO: Start game on level: EASY
sty 24, 2021 10:19:11 PM pl.userinterface.graphicuserinterface.SecondaryController initialize
INFO: Initialize game site
sty 24, 2021 10:19:11 PM pl.first.firstjava.SudokuBoard <init>
INFO: Create new clear board
sty 24, 2021 10:19:11 PM pl.userinterface.graphicuserinterface.SecondaryController initialize
INFO: Created new board
sty 24, 2021 10:19:12 PM pl.userinterface.graphicuserinterface.SecondaryController button_save_db
INFO: -=-=-=-=-=-=-=-=-=-==-=-=--=-=-=-=-=-=-=-=-=-=-=-=-=-=-=-=-
sty 24, 2021 10:19:13 PM pl.userinterface.graphicuserinterface.SecondaryController switchToPrimary
INFO: Exit from board
sty 24, 2021 10:19:13 PM pl.userinterface.graphicuserinterface.PrimaryController initialize
INFO: Initialize menu site
sty 24, 2021 10:19:14 PM pl.userinterface.graphicuserinterface.PrimaryController buttonExit
INFO: App close
sty 24, 2021 10:21:08 PM pl.userinterface.graphicuserinterface.App main
INFO: App start
sty 24, 2021 10:21:08 PM pl.userinterface.graphicuserinterface.PrimaryController initialize
INFO: Initialize menu site
sty 24, 2021 10:21:09 PM pl.userinterface.graphicuserinterface.PrimaryController buttonStart
INFO: Start game on level: EASY
sty 24, 2021 10:21:09 PM pl.userinterface.graphicuserinterface.SecondaryController initialize
INFO: Initialize game site
sty 24, 2021 10:21:09 PM pl.first.firstjava.SudokuBoard <init>
INFO: Create new clear board
sty 24, 2021 10:21:09 PM pl.userinterface.graphicuserinterface.SecondaryController initialize
INFO: Created new board
sty 24, 2021 10:21:11 PM pl.userinterface.graphicuserinterface.SecondaryController switchToPrimary
INFO: Exit from board
sty 24, 2021 10:21:11 PM pl.userinterface.graphicuserinterface.PrimaryController initialize
INFO: Initialize menu site
sty 24, 2021 10:21:12 PM pl.userinterface.graphicuserinterface.PrimaryController buttonExit
INFO: App close
sty 24, 2021 10:21:57 PM pl.userinterface.graphicuserinterface.App main
INFO: App start
sty 24, 2021 10:21:57 PM pl.userinterface.graphicuserinterface.PrimaryController initialize
INFO: Initialize menu site
sty 24, 2021 10:22:01 PM pl.userinterface.graphicuserinterface.PrimaryController buttonStart
INFO: Start game on level: EASY
sty 24, 2021 10:22:01 PM pl.userinterface.graphicuserinterface.SecondaryController initialize
INFO: Initialize game site
sty 24, 2021 10:22:01 PM pl.first.firstjava.SudokuBoard <init>
INFO: Create new clear board
sty 24, 2021 10:22:01 PM pl.userinterface.graphicuserinterface.SecondaryController initialize
INFO: Created new board
sty 24, 2021 10:22:04 PM pl.userinterface.graphicuserinterface.SecondaryController switchToPrimary
INFO: Exit from board
sty 24, 2021 10:22:04 PM pl.userinterface.graphicuserinterface.PrimaryController initialize
INFO: Initialize menu site
sty 24, 2021 10:22:04 PM pl.userinterface.graphicuserinterface.PrimaryController buttonExit
INFO: App close
sty 24, 2021 10:26:52 PM pl.userinterface.graphicuserinterface.App main
INFO: App start
sty 24, 2021 10:26:52 PM pl.userinterface.graphicuserinterface.PrimaryController initialize
INFO: Initialize menu site
sty 24, 2021 10:26:53 PM pl.userinterface.graphicuserinterface.PrimaryController buttonStart
INFO: Start game on level: EASY
sty 24, 2021 10:26:53 PM pl.userinterface.graphicuserinterface.SecondaryController initialize
INFO: Initialize game site
sty 24, 2021 10:26:53 PM pl.first.firstjava.SudokuBoard <init>
INFO: Create new clear board
sty 24, 2021 10:26:53 PM pl.userinterface.graphicuserinterface.SecondaryController initialize
INFO: Created new board
sty 24, 2021 10:26:56 PM pl.userinterface.graphicuserinterface.SecondaryController switchToPrimary
INFO: Exit from board
sty 24, 2021 10:26:56 PM pl.userinterface.graphicuserinterface.PrimaryController initialize
INFO: Initialize menu site
sty 24, 2021 10:26:56 PM pl.userinterface.graphicuserinterface.PrimaryController buttonExit
INFO: App close
sty 24, 2021 10:33:17 PM pl.userinterface.graphicuserinterface.App main
INFO: App start
sty 24, 2021 10:33:17 PM pl.userinterface.graphicuserinterface.PrimaryController initialize
INFO: Initialize menu site
sty 24, 2021 10:33:19 PM pl.userinterface.graphicuserinterface.PrimaryController buttonStart
INFO: Start game on level: EASY
sty 24, 2021 10:33:19 PM pl.userinterface.graphicuserinterface.SecondaryController initialize
INFO: Initialize game site
sty 24, 2021 10:33:19 PM pl.first.firstjava.SudokuBoard <init>
INFO: Create new clear board
sty 24, 2021 10:33:19 PM pl.userinterface.graphicuserinterface.SecondaryController initialize
INFO: Created new board
sty 24, 2021 10:33:22 PM pl.userinterface.graphicuserinterface.SecondaryController switchToPrimary
INFO: Exit from board
sty 24, 2021 10:33:22 PM pl.userinterface.graphicuserinterface.PrimaryController initialize
INFO: Initialize menu site
sty 24, 2021 10:33:22 PM pl.userinterface.graphicuserinterface.PrimaryController buttonExit
INFO: App close
sty 24, 2021 10:34:21 PM pl.userinterface.graphicuserinterface.App main
INFO: App start
sty 24, 2021 10:34:21 PM pl.userinterface.graphicuserinterface.PrimaryController initialize
INFO: Initialize menu site
sty 24, 2021 10:34:23 PM pl.userinterface.graphicuserinterface.PrimaryController buttonStart
INFO: Start game on level: EASY
sty 24, 2021 10:34:23 PM pl.userinterface.graphicuserinterface.SecondaryController initialize
INFO: Initialize game site
sty 24, 2021 10:34:23 PM pl.first.firstjava.SudokuBoard <init>
INFO: Create new clear board
sty 24, 2021 10:34:23 PM pl.userinterface.graphicuserinterface.SecondaryController initialize
INFO: Created new board
sty 24, 2021 10:38:35 PM pl.userinterface.graphicuserinterface.App main
INFO: App start
sty 24, 2021 10:38:35 PM pl.userinterface.graphicuserinterface.PrimaryController initialize
INFO: Initialize menu site
sty 24, 2021 10:38:37 PM pl.userinterface.graphicuserinterface.PrimaryController buttonStart
INFO: Start game on level: EASY
sty 24, 2021 10:38:37 PM pl.userinterface.graphicuserinterface.SecondaryController initialize
INFO: Initialize game site
sty 24, 2021 10:38:37 PM pl.first.firstjava.SudokuBoard <init>
INFO: Create new clear board
sty 24, 2021 10:38:37 PM pl.userinterface.graphicuserinterface.SecondaryController initialize
INFO: Created new board
sty 24, 2021 10:38:40 PM pl.userinterface.graphicuserinterface.SecondaryController switchToPrimary
INFO: Exit from board
sty 24, 2021 10:38:40 PM pl.userinterface.graphicuserinterface.PrimaryController initialize
INFO: Initialize menu site
sty 24, 2021 10:38:40 PM pl.userinterface.graphicuserinterface.PrimaryController buttonExit
INFO: App close
sty 25, 2021 10:38:27 AM pl.userinterface.graphicuserinterface.App main
INFO: App start
sty 25, 2021 10:38:27 AM pl.userinterface.graphicuserinterface.PrimaryController initialize
INFO: Initialize menu site
sty 25, 2021 10:38:29 AM pl.userinterface.graphicuserinterface.PrimaryController buttonStart
INFO: Start game on level: EASY
sty 25, 2021 10:38:29 AM pl.userinterface.graphicuserinterface.SecondaryController initialize
INFO: Initialize game site
sty 25, 2021 10:38:29 AM pl.first.firstjava.SudokuBoard <init>
INFO: Create new clear board
sty 25, 2021 10:38:29 AM pl.userinterface.graphicuserinterface.SecondaryController initialize
INFO: Created new board
sty 25, 2021 10:38:34 AM pl.userinterface.graphicuserinterface.SecondaryController switchToPrimary
INFO: Exit from board
sty 25, 2021 10:38:34 AM pl.userinterface.graphicuserinterface.PrimaryController initialize
INFO: Initialize menu site
sty 25, 2021 10:38:35 AM pl.userinterface.graphicuserinterface.PrimaryController buttonExit
INFO: App close
sty 25, 2021 10:39:24 AM pl.userinterface.graphicuserinterface.App main
INFO: App start
sty 25, 2021 10:39:24 AM pl.userinterface.graphicuserinterface.PrimaryController initialize
INFO: Initialize menu site
sty 25, 2021 10:39:26 AM pl.userinterface.graphicuserinterface.PrimaryController buttonStart
INFO: Start game on level: EASY
sty 25, 2021 10:39:26 AM pl.userinterface.graphicuserinterface.SecondaryController initialize
INFO: Initialize game site
sty 25, 2021 10:39:26 AM pl.first.firstjava.SudokuBoard <init>
INFO: Create new clear board
sty 25, 2021 10:39:26 AM pl.userinterface.graphicuserinterface.SecondaryController initialize
INFO: Created new board
sty 25, 2021 10:39:32 AM pl.first.firstjava.SudokuBoard <init>
INFO: Create new clear board
sty 25, 2021 10:39:50 AM pl.first.firstjava.SudokuBoard <init>
INFO: Create new clear board
sty 25, 2021 10:39:55 AM pl.first.firstjava.SudokuBoard <init>
INFO: Create new clear board
sty 25, 2021 10:39:55 AM pl.userinterface.graphicuserinterface.SecondaryController lambda$button_load_db$1
SEVERE: null
java.lang.StringIndexOutOfBoundsException: String index out of range: 0
	at java.base/java.lang.StringLatin1.charAt(StringLatin1.java:48)
	at java.base/java.lang.String.charAt(String.java:711)
	at ModelProject@2.0/pl.first.firstjava.JdbcSudokuBoardDao.read(JdbcSudokuBoardDao.java:47)
	at pl.userinterface.graphicuserinterface/pl.userinterface.graphicuserinterface.SecondaryController.lambda$button_load_db$1(SecondaryController.java:208)
	at java.base/java.util.Optional.ifPresent(Optional.java:176)
	at pl.userinterface.graphicuserinterface/pl.userinterface.graphicuserinterface.SecondaryController.button_load_db(SecondaryController.java:204)
	at java.base/jdk.internal.reflect.NativeMethodAccessorImpl.invoke0(Native Method)
	at java.base/jdk.internal.reflect.NativeMethodAccessorImpl.invoke(NativeMethodAccessorImpl.java:62)
	at java.base/jdk.internal.reflect.DelegatingMethodAccessorImpl.invoke(DelegatingMethodAccessorImpl.java:43)
	at java.base/java.lang.reflect.Method.invoke(Method.java:564)
	at com.sun.javafx.reflect.Trampoline.invoke(MethodUtil.java:76)
	at jdk.internal.reflect.GeneratedMethodAccessor2.invoke(Unknown Source)
	at java.base/jdk.internal.reflect.DelegatingMethodAccessorImpl.invoke(DelegatingMethodAccessorImpl.java:43)
	at java.base/java.lang.reflect.Method.invoke(Method.java:564)
	at javafx.base/com.sun.javafx.reflect.MethodUtil.invoke(MethodUtil.java:273)
	at javafx.fxml/com.sun.javafx.fxml.MethodHelper.invoke(MethodHelper.java:83)
	at javafx.fxml/javafx.fxml.FXMLLoader$MethodHandler.invoke(FXMLLoader.java:1784)
	at javafx.fxml/javafx.fxml.FXMLLoader$ControllerMethodEventHandler.handle(FXMLLoader.java:1670)
	at javafx.base/com.sun.javafx.event.CompositeEventHandler.dispatchBubblingEvent(CompositeEventHandler.java:86)
	at javafx.base/com.sun.javafx.event.EventHandlerManager.dispatchBubblingEvent(EventHandlerManager.java:238)
	at javafx.base/com.sun.javafx.event.EventHandlerManager.dispatchBubblingEvent(EventHandlerManager.java:191)
	at javafx.base/com.sun.javafx.event.CompositeEventDispatcher.dispatchBubblingEvent(CompositeEventDispatcher.java:59)
	at javafx.base/com.sun.javafx.event.BasicEventDispatcher.dispatchEvent(BasicEventDispatcher.java:58)
	at javafx.base/com.sun.javafx.event.EventDispatchChainImpl.dispatchEvent(EventDispatchChainImpl.java:114)
	at javafx.base/com.sun.javafx.event.BasicEventDispatcher.dispatchEvent(BasicEventDispatcher.java:56)
	at javafx.base/com.sun.javafx.event.EventDispatchChainImpl.dispatchEvent(EventDispatchChainImpl.java:114)
	at javafx.base/com.sun.javafx.event.BasicEventDispatcher.dispatchEvent(BasicEventDispatcher.java:56)
	at javafx.base/com.sun.javafx.event.EventDispatchChainImpl.dispatchEvent(EventDispatchChainImpl.java:114)
	at javafx.base/com.sun.javafx.event.BasicEventDispatcher.dispatchEvent(BasicEventDispatcher.java:56)
	at javafx.base/com.sun.javafx.event.EventDispatchChainImpl.dispatchEvent(EventDispatchChainImpl.java:114)
	at javafx.base/com.sun.javafx.event.EventUtil.fireEventImpl(EventUtil.java:74)
	at javafx.base/com.sun.javafx.event.EventUtil.fireEvent(EventUtil.java:49)
	at javafx.base/javafx.event.Event.fireEvent(Event.java:198)
	at javafx.graphics/javafx.scene.Node.fireEvent(Node.java:8890)
	at javafx.controls/javafx.scene.control.Button.fire(Button.java:203)
	at javafx.controls/com.sun.javafx.scene.control.behavior.ButtonBehavior.mouseReleased(ButtonBehavior.java:206)
	at javafx.controls/com.sun.javafx.scene.control.inputmap.InputMap.handle(InputMap.java:274)
	at javafx.base/com.sun.javafx.event.CompositeEventHandler$NormalEventHandlerRecord.handleBubblingEvent(CompositeEventHandler.java:218)
	at javafx.base/com.sun.javafx.event.CompositeEventHandler.dispatchBubblingEvent(CompositeEventHandler.java:80)
	at javafx.base/com.sun.javafx.event.EventHandlerManager.dispatchBubblingEvent(EventHandlerManager.java:238)
	at javafx.base/com.sun.javafx.event.EventHandlerManager.dispatchBubblingEvent(EventHandlerManager.java:191)
	at javafx.base/com.sun.javafx.event.CompositeEventDispatcher.dispatchBubblingEvent(CompositeEventDispatcher.java:59)
	at javafx.base/com.sun.javafx.event.BasicEventDispatcher.dispatchEvent(BasicEventDispatcher.java:58)
	at javafx.base/com.sun.javafx.event.EventDispatchChainImpl.dispatchEvent(EventDispatchChainImpl.java:114)
	at javafx.base/com.sun.javafx.event.BasicEventDispatcher.dispatchEvent(BasicEventDispatcher.java:56)
	at javafx.base/com.sun.javafx.event.EventDispatchChainImpl.dispatchEvent(EventDispatchChainImpl.java:114)
	at javafx.base/com.sun.javafx.event.BasicEventDispatcher.dispatchEvent(BasicEventDispatcher.java:56)
	at javafx.base/com.sun.javafx.event.EventDispatchChainImpl.dispatchEvent(EventDispatchChainImpl.java:114)
	at javafx.base/com.sun.javafx.event.BasicEventDispatcher.dispatchEvent(BasicEventDispatcher.java:56)
	at javafx.base/com.sun.javafx.event.EventDispatchChainImpl.dispatchEvent(EventDispatchChainImpl.java:114)
	at javafx.base/com.sun.javafx.event.EventUtil.fireEventImpl(EventUtil.java:74)
	at javafx.base/com.sun.javafx.event.EventUtil.fireEvent(EventUtil.java:54)
	at javafx.base/javafx.event.Event.fireEvent(Event.java:198)
	at javafx.graphics/javafx.scene.Scene$MouseHandler.process(Scene.java:3862)
	at javafx.graphics/javafx.scene.Scene.processMouseEvent(Scene.java:1849)
	at javafx.graphics/javafx.scene.Scene$ScenePeerListener.mouseEvent(Scene.java:2590)
	at javafx.graphics/com.sun.javafx.tk.quantum.GlassViewEventHandler$MouseEventNotification.run(GlassViewEventHandler.java:409)
	at javafx.graphics/com.sun.javafx.tk.quantum.GlassViewEventHandler$MouseEventNotification.run(GlassViewEventHandler.java:299)
	at java.base/java.security.AccessController.doPrivileged(AccessController.java:391)
	at javafx.graphics/com.sun.javafx.tk.quantum.GlassViewEventHandler.lambda$handleMouseEvent$2(GlassViewEventHandler.java:447)
	at javafx.graphics/com.sun.javafx.tk.quantum.QuantumToolkit.runWithoutRenderLock(QuantumToolkit.java:412)
	at javafx.graphics/com.sun.javafx.tk.quantum.GlassViewEventHandler.handleMouseEvent(GlassViewEventHandler.java:446)
	at javafx.graphics/com.sun.glass.ui.View.handleMouseEvent(View.java:556)
	at javafx.graphics/com.sun.glass.ui.View.notifyMouse(View.java:942)
	at javafx.graphics/com.sun.glass.ui.win.WinApplication._runLoop(Native Method)
	at javafx.graphics/com.sun.glass.ui.win.WinApplication.lambda$runLoop$3(WinApplication.java:174)
	at java.base/java.lang.Thread.run(Thread.java:832)

sty 25, 2021 10:39:59 AM pl.userinterface.graphicuserinterface.SecondaryController switchToPrimary
INFO: Exit from board
sty 25, 2021 10:39:59 AM pl.userinterface.graphicuserinterface.PrimaryController initialize
INFO: Initialize menu site
sty 25, 2021 10:40:00 AM pl.userinterface.graphicuserinterface.PrimaryController buttonExit
INFO: App close
sty 25, 2021 10:55:51 AM pl.userinterface.graphicuserinterface.App main
INFO: App start
sty 25, 2021 10:55:52 AM pl.userinterface.graphicuserinterface.PrimaryController initialize
INFO: Initialize menu site
sty 25, 2021 10:55:53 AM pl.userinterface.graphicuserinterface.PrimaryController buttonStart
INFO: Start game on level: EASY
sty 25, 2021 10:55:53 AM pl.userinterface.graphicuserinterface.SecondaryController initialize
INFO: Initialize game site
sty 25, 2021 10:55:53 AM pl.first.firstjava.SudokuBoard <init>
INFO: Create new clear board
sty 25, 2021 10:55:53 AM pl.userinterface.graphicuserinterface.SecondaryController initialize
INFO: Created new board
sty 25, 2021 10:55:57 AM pl.userinterface.graphicuserinterface.SecondaryController switchToPrimary
INFO: Exit from board
sty 25, 2021 10:55:57 AM pl.userinterface.graphicuserinterface.PrimaryController initialize
INFO: Initialize menu site
sty 25, 2021 10:55:57 AM pl.userinterface.graphicuserinterface.PrimaryController buttonExit
INFO: App close
sty 25, 2021 10:56:18 AM pl.userinterface.graphicuserinterface.App main
INFO: App start
sty 25, 2021 10:56:18 AM pl.userinterface.graphicuserinterface.PrimaryController initialize
INFO: Initialize menu site
sty 25, 2021 10:56:19 AM pl.userinterface.graphicuserinterface.PrimaryController buttonStart
INFO: Start game on level: EASY
sty 25, 2021 10:56:19 AM pl.userinterface.graphicuserinterface.SecondaryController initialize
INFO: Initialize game site
sty 25, 2021 10:56:19 AM pl.first.firstjava.SudokuBoard <init>
INFO: Create new clear board
sty 25, 2021 10:56:19 AM pl.userinterface.graphicuserinterface.SecondaryController initialize
INFO: Created new board
sty 25, 2021 10:56:23 AM pl.first.firstjava.JdbcSudokuBoardDao write
SEVERE: Save to database - FAIL
sty 25, 2021 10:56:33 AM pl.userinterface.graphicuserinterface.SecondaryController switchToPrimary
INFO: Exit from board
sty 25, 2021 10:56:33 AM pl.userinterface.graphicuserinterface.PrimaryController initialize
INFO: Initialize menu site
sty 25, 2021 10:56:34 AM pl.userinterface.graphicuserinterface.PrimaryController buttonExit
INFO: App close
